This is pdfTeX, Version 3.14159265-2.6-1.40.20 (MiKTeX 2.9.7230) (preloaded format=pdflatex 2019.11.9)  9 NOV 2019 23:31
entering extended mode
**./setup_tutorial.tex
(setup_tutorial.tex
LaTeX2e <2019-10-01> patch level 1
(/home/lasse/.miktex/texmfs/install/tex/latex/base/article.cls
Document Class: article 2019/08/27 v1.4j Standard LaTeX document class
(/home/lasse/.miktex/texmfs/install/tex/latex/base/size10.clo
File: size10.clo 2019/08/27 v1.4j Standard LaTeX file (size option)
)
\c@part=\count80
\c@section=\count81
\c@subsection=\count82
\c@subsubsection=\count83
\c@paragraph=\count84
\c@subparagraph=\count85
\c@figure=\count86
\c@table=\count87
\abovecaptionskip=\skip41
\belowcaptionskip=\skip42
\bibindent=\dimen102
)
(/home/lasse/.miktex/texmfs/install/tex/latex/base/fontenc.sty
Package: fontenc 2018/08/11 v2.0j Standard LaTeX package

(/home/lasse/.miktex/texmfs/install/tex/latex/base/t1enc.def
File: t1enc.def 2018/08/11 v2.0j Standard LaTeX file
LaTeX Font Info:    Redeclaring font encoding T1 on input line 48.
))
(setup_tutorial.aux)
\openout1 = `setup_tutorial.aux'.

LaTeX Font Info:    Checking defaults for OML/cmm/m/it on input line 7.
LaTeX Font Info:    ... okay on input line 7.
LaTeX Font Info:    Checking defaults for T1/cmr/m/n on input line 7.
LaTeX Font Info:    ... okay on input line 7.
LaTeX Font Info:    Checking defaults for OT1/cmr/m/n on input line 7.
LaTeX Font Info:    ... okay on input line 7.
LaTeX Font Info:    Checking defaults for OMS/cmsy/m/n on input line 7.
LaTeX Font Info:    ... okay on input line 7.
LaTeX Font Info:    Checking defaults for OMX/cmex/m/n on input line 7.
LaTeX Font Info:    ... okay on input line 7.
LaTeX Font Info:    Checking defaults for U/cmr/m/n on input line 7.
LaTeX Font Info:    ... okay on input line 7.

Underfull \hbox (badness 10000) in paragraph at lines 14--17

 []


Underfull \hbox (badness 10000) in paragraph at lines 14--17

 []


Underfull \hbox (badness 10000) in paragraph at lines 19--21

 []


Underfull \hbox (badness 10000) in paragraph at lines 29--31

 []


Underfull \hbox (badness 10000) in paragraph at lines 29--31

 []


Underfull \hbox (badness 10000) in paragraph at lines 36--39

 []


Underfull \hbox (badness 10000) in paragraph at lines 36--39

 []

[1

{/home/lasse/.miktex/texmfs/data/pdftex/config/pdftex.map}] [2]
(setup_tutorial.aux) ) 
Here is how much of TeX's memory you used:
 436 strings out of 494415
 4263 string characters out of 3174573
 60308 words of memory out of 3000000
 4612 multiletter control sequences out of 15000+200000
 7486 words of font info for 19 fonts, out of 3000000 for 9000
 0 hyphenation exceptions out of 8191
 25i,4n,20p,246b,107s stack positions out of 5000i,500n,10000p,200000b,50000s
 </home/lasse/.miktex/texmfs/data/fonts/pk/ljfour/jknappe
n/ec/dpi600/ecrm1000.pk> </home/lasse/.miktex/texmfs/data/fonts/pk/ljfour/jknap
pen/ec/dpi600/ecbx1200.pk> </home/lasse/.miktex/texmfs/data/fonts/pk/ljfour/jkn
appen/ec/dpi600/ecbx1440.pk>
Output written on setup_tutorial.pdf (2 pages, 38293 bytes).
PDF statistics:
 124 PDF objects out of 1000 (max. 8388607)
 0 named destinations out of 1000 (max. 500000)
 1 words of extra memory for PDF output out of 10000 (max. 10000000)

